4911 DEBUG [2013-07-14 11:14:06]  Request:
4911 DEBUG [2013-07-14 11:14:06]  GET:https://api.weibo.com/2/tags/tags_batch.json
4912 DEBUG [2013-07-14 11:14:06]  Authorization: OAuth2 2.00zzR3zB7uKfeB47c83a2905QlTuJE
4912 DEBUG [2013-07-14 11:14:06]  API-RemoteIP: 192.168.11.11
5086 DEBUG [2013-07-14 11:14:06]  Response:
5086 DEBUG [2013-07-14 11:14:06]  https StatusCode:200
5086 DEBUG [2013-07-14 11:14:06]  Server:nginx/1.2.0
5086 DEBUG [2013-07-14 11:14:06]  Date:Sun, 14 Jul 2013 03:14:06 GMT
5086 DEBUG [2013-07-14 11:14:06]  Content-Type:application/json;charset=UTF-8
5086 DEBUG [2013-07-14 11:14:06]  Content-Length:3229
5086 DEBUG [2013-07-14 11:14:06]  Connection:keep-alive
5087 DEBUG [2013-07-14 11:14:06]  Api-Server-IP:10.77.108.48
5087 DEBUG [2013-07-14 11:14:06]  Vary:Accept-Encoding
5087 DEBUG [2013-07-14 11:14:06]  X-Varnish:2047929893
5087 DEBUG [2013-07-14 11:14:06]  Age:0
5087 DEBUG [2013-07-14 11:14:06]  Via:1.1 varnish
5087 DEBUG [2013-07-14 11:14:06]  SINA-LB:cWgxMzIuaGEucWgyLmJqLmxvYWRiYWxhbmNlLnNpbg==
5088 DEBUG [2013-07-14 11:14:06]  [{"id":2264489285,"tags":[{"77193":"文艺范","weight":"2194"},{"7570":"明信片","weight":"4352"},{"168209":"365day","weight":"8"},{"201201060007320486":"Qing活动","weight":"1"},{"201102260003030790":"轻博客","weight":"141"}]},{"id":2308421202,"tags":[{"1358":"电子商务","weight":"350890"},{"292":"互联网","weight":"369003"},{"3140":"网购","weight":"655579"},{"960904":"苏宁易购","weight":"215"}]},{"id":2408855812,"tags":[{"45187":"大连理工大学","weight":"644"},{"92322":"DUT","weight":"49"},{"108908":"校友会","weight":"1095"}]},{"id":2362202142,"tags":[{"17383":"IT男","weight":"3038"}]},{"id":2359359985,"tags":[{"631908":"搜索推广","weight":"66"},{"449076":"凤巢","weight":"13"},{"5077":"品牌推广","weight":"3305"},{"802":"营销","weight":"347632"},{"2273":"百度","weight":"2698"},{"40059":"百度推广","weight":"784"},{"2825":"网络营销","weight":"69818"},{"2330":"搜索引擎营销","weight":"928"},{"292":"互联网","weight":"369003"}]},{"id":2282929711,"tags":[{"35188":"自媒体","weight":"318"}]},{"id":2885308672,"tags":[{"3413":"云计算","weight":"7854"},{"286":"微博","weight":"463796"},{"474565":"智慧城市","weight":"848"},{"302":"IT","weight":"313711"},{"648":"科技","weight":"92234"},{"292":"互联网","weight":"369003"},{"3325":"创新","weight":"8660"}]},{"id":2527410735,"tags":[{"648":"科技","weight":"92234"},{"292":"互联网","weight":"369003"},{"201207170009810506":"苹果粉不起","weight":"1"},{"201109200006966030":"微刊","weight":"70"}]},{"id":2552001730,"tags":[{"894":"搜索引擎","weight":"1889"},{"221012100001952099":"云云网","weight":"6"}]},{"id":2500910552,"tags":[{"1972":"魅族","weight":"1801"},{"428731":"魅族科技","weight":"16"},{"35649":"新闻资讯","weight":"5647337"},{"28158":"IT数码","weight":"7990077"},{"126":"技术","weight":"3632"},{"952":"电脑","weight":"91894"},{"774":"手机","weight":"429453"},{"331":"网络","weight":"416846"},{"292":"互联网","weight":"369003"}]},{"id":2788462654,"tags":[{"1799":"文艺","weight":"9180518"},{"3773":"投资理财","weight":"6338704"},{"185762":"教育就业","weight":"3796689"},{"623":"健康","weight":"9881469"},{"287":"时尚","weight":"11011785"},{"781974":"英剧控","weight":"776"},{"59170":"睡觉睡到自然醒","weight":"113308"},{"575":"2","weight":"9141"},{"118832":"面相","weight":"330"},{"55774":"星相","weight":"115"}]},{"id":2694810701,"tags":[{"13822":"TD","weight":"346"},{"1322":"智能手机","weight":"5996"},{"221008160000409474":"移动改变生活","weight":"125"},{"201205020010080670":"终端承载梦想","weight":"6"},{"1207":"中国移动","weight":"1379"},{"4677":"手机应用","weight":"1742"},{"54029":"手机达人","weight":"2730"},{"897":"移动互联网","weight":"65722"}]},{"id":2309905191,"tags":[{"553969":"网游电玩","weight":"6"},{"646725":"苹果IPHONE","weight":"23"},{"201010020000857243":"安卓Android","weight":"350"},{"52739":"手机数码","weight":"499"},{"13967":"创意设计","weight":"6370"},{"221011160001446059":"软件硬件","weight":"22"},{"648":"科技","weight":"92234"},{"952":"电脑","weight":"91894"},{"292":"互联网","weight":"369003"},{"302":"IT","weight":"313711"}]}]

5266 DEBUG [2013-07-14 11:14:07]  Request:
5266 DEBUG [2013-07-14 11:14:07]  GET:https://api.weibo.com/2/tags/tags_batch.json
5268 DEBUG [2013-07-14 11:14:07]  Authorization: OAuth2 2.00zzR3zB7uKfeB47c83a2905QlTuJE
5268 DEBUG [2013-07-14 11:14:07]  API-RemoteIP: 192.168.11.11
5548 DEBUG [2013-07-14 11:14:07]  Response:
5548 DEBUG [2013-07-14 11:14:07]  https StatusCode:200
5549 DEBUG [2013-07-14 11:14:07]  Server:nginx/1.2.0
5549 DEBUG [2013-07-14 11:14:07]  Date:Sun, 14 Jul 2013 03:14:07 GMT
5549 DEBUG [2013-07-14 11:14:07]  Content-Type:application/json;charset=UTF-8
5549 DEBUG [2013-07-14 11:14:07]  Content-Length:3140
5549 DEBUG [2013-07-14 11:14:07]  Connection:keep-alive
5549 DEBUG [2013-07-14 11:14:07]  Api-Server-IP:10.77.108.51
5549 DEBUG [2013-07-14 11:14:07]  Vary:Accept-Encoding
5549 DEBUG [2013-07-14 11:14:07]  X-Varnish:2047930525
5549 DEBUG [2013-07-14 11:14:07]  Age:0
5550 DEBUG [2013-07-14 11:14:07]  Via:1.1 varnish
5550 DEBUG [2013-07-14 11:14:07]  SINA-LB:cWgxMzIuaGEucWgyLmJqLmxvYWRiYWxhbmNlLnNpbg==
5550 DEBUG [2013-07-14 11:14:07]  [{"id":2308421202,"tags":[{"1358":"电子商务","weight":"350890"},{"292":"互联网","weight":"369003"},{"3140":"网购","weight":"655579"},{"960904":"苏宁易购","weight":"215"}]},{"id":2408855812,"tags":[{"45187":"大连理工大学","weight":"644"},{"92322":"DUT","weight":"49"},{"108908":"校友会","weight":"1095"}]},{"id":2362202142,"tags":[{"17383":"IT男","weight":"3038"}]},{"id":2359359985,"tags":[{"631908":"搜索推广","weight":"66"},{"449076":"凤巢","weight":"13"},{"5077":"品牌推广","weight":"3305"},{"802":"营销","weight":"347632"},{"2273":"百度","weight":"2698"},{"40059":"百度推广","weight":"784"},{"2825":"网络营销","weight":"69818"},{"2330":"搜索引擎营销","weight":"928"},{"292":"互联网","weight":"369003"}]},{"id":2282929711,"tags":[{"35188":"自媒体","weight":"318"}]},{"id":2885308672,"tags":[{"3413":"云计算","weight":"7854"},{"286":"微博","weight":"463796"},{"474565":"智慧城市","weight":"848"},{"302":"IT","weight":"313711"},{"648":"科技","weight":"92234"},{"292":"互联网","weight":"369003"},{"3325":"创新","weight":"8660"}]},{"id":2527410735,"tags":[{"648":"科技","weight":"92234"},{"292":"互联网","weight":"369003"},{"201207170009810506":"苹果粉不起","weight":"1"},{"201109200006966030":"微刊","weight":"70"}]},{"id":2552001730,"tags":[{"894":"搜索引擎","weight":"1889"},{"221012100001952099":"云云网","weight":"6"}]},{"id":2500910552,"tags":[{"1972":"魅族","weight":"1801"},{"428731":"魅族科技","weight":"16"},{"35649":"新闻资讯","weight":"5647337"},{"28158":"IT数码","weight":"7990077"},{"126":"技术","weight":"3632"},{"952":"电脑","weight":"91894"},{"774":"手机","weight":"429453"},{"331":"网络","weight":"416846"},{"292":"互联网","weight":"369003"}]},{"id":2788462654,"tags":[{"1799":"文艺","weight":"9180518"},{"3773":"投资理财","weight":"6338704"},{"185762":"教育就业","weight":"3796689"},{"623":"健康","weight":"9881469"},{"287":"时尚","weight":"11011785"},{"781974":"英剧控","weight":"776"},{"59170":"睡觉睡到自然醒","weight":"113308"},{"575":"2","weight":"9141"},{"118832":"面相","weight":"330"},{"55774":"星相","weight":"115"}]},{"id":2694810701,"tags":[{"13822":"TD","weight":"346"},{"1322":"智能手机","weight":"5996"},{"221008160000409474":"移动改变生活","weight":"125"},{"201205020010080670":"终端承载梦想","weight":"6"},{"1207":"中国移动","weight":"1379"},{"4677":"手机应用","weight":"1742"},{"54029":"手机达人","weight":"2730"},{"897":"移动互联网","weight":"65722"}]},{"id":2309905191,"tags":[{"553969":"网游电玩","weight":"6"},{"646725":"苹果IPHONE","weight":"23"},{"201010020000857243":"安卓Android","weight":"350"},{"52739":"手机数码","weight":"499"},{"13967":"创意设计","weight":"6370"},{"221011160001446059":"软件硬件","weight":"22"},{"648":"科技","weight":"92234"},{"952":"电脑","weight":"91894"},{"292":"互联网","weight":"369003"},{"302":"IT","weight":"313711"}]},{"id":3218689741,"tags":[{"13119":"芒果台","weight":"544"},{"2655":"湖南卫视","weight":"2661"},{"6334":"音乐达人","weight":"64900"}]}]

